<?xml version="1.0" encoding="UTF-8"?>
<testng-results ignored="0" total="1" passed="1" failed="0" skipped="0">
  <reporter-output>
  </reporter-output>
  <suite started-at="2021-09-23T06:36:53 IST" name="Surefire suite" finished-at="2021-09-23T06:37:08 IST" duration-ms="15342">
    <groups>
    </groups>
    <test started-at="2021-09-23T06:36:53 IST" name="Surefire test" finished-at="2021-09-23T06:37:08 IST" duration-ms="15342">
      <class name="Automation.Demo.AppTest">
        <test-method signature="shouldAnswerWithTrue()[pri:0, instance:Automation.Demo.AppTest@6279cee3]" started-at="2021-09-23T06:36:53 IST" name="shouldAnswerWithTrue" finished-at="2021-09-23T06:37:08 IST" duration-ms="15089" status="PASS">
          <reporter-output>
          </reporter-output>
        </test-method> <!-- shouldAnswerWithTrue -->
        <test-method is-config="true" signature="tearDown()[pri:0, instance:Automation.Demo.AppTest@6279cee3]" started-at="2021-09-23T06:37:08 IST" name="tearDown" finished-at="2021-09-23T06:37:08 IST" duration-ms="193" status="PASS">
          <reporter-output>
          </reporter-output>
        </test-method> <!-- tearDown -->
      </class> <!-- Automation.Demo.AppTest -->
    </test> <!-- Surefire test -->
  </suite> <!-- Surefire suite -->
</testng-results>
