<?xml version="1.0" encoding="UTF-8"?>
<testng-results ignored="0" total="1" passed="1" failed="0" skipped="0">
  <reporter-output>
  </reporter-output>
  <suite started-at="2021-09-18T19:21:53 IST" name="Suite" finished-at="2021-09-18T19:22:11 IST" duration-ms="17675">
    <groups>
    </groups>
    <test started-at="2021-09-18T19:21:53 IST" name="Test" finished-at="2021-09-18T19:22:11 IST" duration-ms="17675">
      <class name="Automation.Demo.AppTest">
        <test-method signature="shouldAnswerWithTrue()[pri:0, instance:Automation.Demo.AppTest@32b260fa]" started-at="2021-09-18T19:21:53 IST" name="shouldAnswerWithTrue" finished-at="2021-09-18T19:22:06 IST" duration-ms="13502" status="PASS">
          <reporter-output>
          </reporter-output>
        </test-method> <!-- shouldAnswerWithTrue -->
        <test-method is-config="true" signature="tearDown()[pri:0, instance:Automation.Demo.AppTest@32b260fa]" started-at="2021-09-18T19:22:06 IST" name="tearDown" finished-at="2021-09-18T19:22:11 IST" duration-ms="4133" status="PASS">
          <reporter-output>
          </reporter-output>
        </test-method> <!-- tearDown -->
      </class> <!-- Automation.Demo.AppTest -->
    </test> <!-- Test -->
  </suite> <!-- Suite -->
</testng-results>
